<?xml version="1.0" encoding="UTF-8"?>
<!-- Generated by org.testng.reporters.JUnitReportReporter -->
<testsuite hostname="LAPTOP-IJTKHJ02" failures="1" tests="3" name="runners.ParallelRunner" time="16.219" errors="0" timestamp="2025-01-19T12:02:46 IST" skipped="0">
  <testcase classname="runners.ParallelRunner" name="runScenario" time="7.322"/>
  <system-out/>
  <testcase classname="runners.ParallelRunner" name="runScenario" time="4.437"/>
  <system-out/>
  <testcase classname="runners.ParallelRunner" name="runScenario" time="4.460">
    <failure message="expected [Java Tutorial - 1Search] but found [Java Tutorial - Search]" type="java.lang.AssertionError">
      <![CDATA[java.lang.AssertionError: expected [Java Tutorial - 1Search] but found [Java Tutorial - Search]
at org.testng.Assert.fail(Assert.java:99)
at org.testng.Assert.failNotEquals(Assert.java:1037)
at org.testng.Assert.assertEqualsImpl(Assert.java:140)
at org.testng.Assert.assertEquals(Assert.java:122)
at org.testng.Assert.assertEquals(Assert.java:629)
at org.testng.Assert.assertEquals(Assert.java:639)
at stepDefs.GooglePageStepDef.should_display_java_result_page(GooglePageStepDef.java:54)
at âœ½.Should display Java result page(file:///C:/Users/ramu3/git/BDDSamplesB46/BDDSamplesB46/src/test/resources/features/GoogleSearch.feature:12)
]]>
    </failure>
  </testcase> <!-- runScenario -->
  <system-out/>
</testsuite> <!-- runners.ParallelRunner -->
